<proxies>
	<serviceProxy port="2000">
		<target host="google.com"  />
	</serviceProxy>

</proxies>
