<proxies>
        <serviceProxy name="LBSLED" port="8081">
                <target host="localhost" port="8080" />                
        </serviceProxy>        
</proxies> 