<spring:beans xmlns="http://membrane-soa.org/router/beans/1/"
  xmlns:spring="http://www.springframework.org/schema/beans" xmlns:xsi="http://www.w3.org/2001/XMLSchema-instance"
  xsi:schemaLocation="http://www.springframework.org/schema/beans http://www.springframework.org/schema/beans/spring-beans-3.0.xsd
  http://membrane-soa.org/router/beans/1/ http:/www.predic8.com/schema/router/conf/router-conf.xsd">
  <router exchangeStore="forgetfulExchangeStore" />
  <memoryExchangeStore id="forgetfulExchangeStore" />
  <transport>
    <ruleMatching />
    <dispatching />
    <userFeature />
    <httpClient />
  </transport>
  <spring:bean id="UBRInterceptor" class="com.predic8.membrane.core.interceptor.CountInterceptor">
  </spring:bean>
</spring:beans> 